The target system is: Windows -  - x86_64
The host system is: Linux - 5.15.0-46-generic - x86_64
Compiling the C compiler identification source file "CMakeCCompilerId.c" succeeded.
Compiler: /home/user/mxe/usr/x86_64-pc-linux-gnu/bin/x86_64-w64-mingw32.static-gcc 
Build flags: 
Id flags:  

The output was:
0


Compilation of the C compiler identification source "CMakeCCompilerId.c" produced "a.exe"

The C compiler identification is GNU, found in "/home/user/test_code/build_win10/CMakeFiles/3.23.2/CompilerIdC/a.exe"

Compiling the CXX compiler identification source file "CMakeCXXCompilerId.cpp" succeeded.
Compiler: /home/user/mxe/usr/x86_64-pc-linux-gnu/bin/x86_64-w64-mingw32.static-g++ 
Build flags: 
Id flags:  

The output was:
0


Compilation of the CXX compiler identification source "CMakeCXXCompilerId.cpp" produced "a.exe"

The CXX compiler identification is GNU, found in "/home/user/test_code/build_win10/CMakeFiles/3.23.2/CompilerIdCXX/a.exe"

Detecting C compiler ABI info compiled with the following output:
Change Dir: /home/user/test_code/build_win10/CMakeFiles/CMakeTmp

Run Build Command(s):/usr/bin/make -f Makefile cmTC_c384f/fast && /usr/bin/make  -f CMakeFiles/cmTC_c384f.dir/build.make CMakeFiles/cmTC_c384f.dir/build
make[1]: Entering directory '/home/user/test_code/build_win10/CMakeFiles/CMakeTmp'
Building C object CMakeFiles/cmTC_c384f.dir/CMakeCCompilerABI.c.obj
/home/user/mxe/usr/x86_64-pc-linux-gnu/bin/x86_64-w64-mingw32.static-gcc   -v -o CMakeFiles/cmTC_c384f.dir/CMakeCCompilerABI.c.obj -c /home/user/mxe/usr/x86_64-pc-linux-gnu/share/cmake-3.23/Modules/CMakeCCompilerABI.c
Reading specs from /home/user/mxe/usr/lib/gcc/x86_64-w64-mingw32.static/11.3.0/specs
COLLECT_GCC=/home/user/mxe/usr/bin/x86_64-w64-mingw32.static-gcc
Target: x86_64-w64-mingw32.static
Configured with: /home/user/mxe/tmp-gcc-x86_64-w64-mingw32.static/gcc-11.3.0/configure ac_cv_prog_HAVE_DOXYGEN=false --enable-doc=no --enable-gtk-doc=no --enable-gtk-doc-html=no --enable-gtk-doc-pdf=no --docdir=/home/user/mxe/tmp-gcc-x86_64-w64-mingw32.static/gcc-11.3.0.build_.sink --infodir=/home/user/mxe/tmp-gcc-x86_64-w64-mingw32.static/gcc-11.3.0.build_.sink --mandir=/home/user/mxe/tmp-gcc-x86_64-w64-mingw32.static/gcc-11.3.0.build_.sink --with-html-dir=/home/user/mxe/tmp-gcc-x86_64-w64-mingw32.static/gcc-11.3.0.build_.sink --disable-doxygen --target=x86_64-w64-mingw32.static --build=x86_64-pc-linux-gnu --prefix=/home/user/mxe/usr --libdir=/home/user/mxe/usr/lib --with-sysroot=/home/user/mxe/usr/x86_64-w64-mingw32.static --enable-languages=c,c++,objc,fortran --enable-version-specific-runtime-libs --with-gcc --with-gnu-ld --with-gnu-as --disable-nls --disable-shared --disable-multilib --without-x --disable-win32-registry --enable-threads=posix --enable-default-ssp --enable-libgomp --with-gmp=/home/user/mxe/usr/x86_64-pc-linux-gnu --with-isl=/home/user/mxe/usr/x86_64-pc-linux-gnu --with-mpc=/home/user/mxe/usr/x86_64-pc-linux-gnu --with-mpfr=/home/user/mxe/usr/x86_64-pc-linux-gnu --with-as=/home/user/mxe/usr/bin/x86_64-w64-mingw32.static-as --with-ld=/home/user/mxe/usr/bin/x86_64-w64-mingw32.static-ld --with-nm=/home/user/mxe/usr/bin/x86_64-w64-mingw32.static-nm --enable-libstdcxx-time
Thread model: posix
Supported LTO compression algorithms: zlib
gcc version 11.3.0 (GCC) 
COLLECT_GCC_OPTIONS='-v' '-c' '-o' 'CMakeFiles/cmTC_29674.dir/CMakeCCompilerABI.c.obj' '-mtune=generic' '-march=x86-64' '-dumpdir' 'CMakeFiles/cmTC_29674.dir/'
 /home/user/mxe/usr/libexec/gcc/x86_64-w64-mingw32.static/11.3.0/cc1 -quiet -v -D_REENTRANT ../../../../mxe/usr/x86_64-pc-linux-gnu/share/cmake-3.23/Modules/CMakeCCompilerABI.c -quiet -dumpdir CMakeFiles/cmTC_29674.dir/ -dumpbase CMakeCCompilerABI.c.c -dumpbase-ext .c -mtune=generic -march=x86-64 -version -o /tmp/ccmOGx8Y.s
GNU C17 (GCC) version 11.3.0 (x86_64-w64-mingw32.static)
	compiled by GNU C version 9.4.0, GMP version 6.2.1, MPFR version 4.1.0, MPC version 1.2.1, isl version isl-0.16.1-GMP

GGC heuristics: --param ggc-min-expand=100 --param ggc-min-heapsize=131072
ignoring nonexistent directory "/home/user/mxe/usr/x86_64-w64-mingw32.static/usr/local/include"
ignoring duplicate directory "/home/user/mxe/usr/x86_64-w64-mingw32.static/include"
#include "..." search starts here:
#include <...> search starts here:
 /home/user/mxe/usr/lib/gcc/x86_64-w64-mingw32.static/11.3.0/include
 /home/user/mxe/usr/lib/gcc/x86_64-w64-mingw32.static/11.3.0/include-fixed
 /home/user/mxe/usr/lib/gcc/x86_64-w64-mingw32.static/11.3.0/../../../../x86_64-w64-mingw32.static/include
End of search list.
GNU C17 (GCC) version 11.3.0 (x86_64-w64-mingw32.static)
	compiled by GNU C version 9.4.0, GMP version 6.2.1, MPFR version 4.1.0, MPC version 1.2.1, isl version isl-0.16.1-GMP

GGC heuristics: --param ggc-min-expand=100 --param ggc-min-heapsize=131072
Compiler executable checksum: bf3b03b7b8a48a3280756faab855312c
COLLECT_GCC_OPTIONS='-v' '-c' '-o' 'CMakeFiles/cmTC_29674.dir/CMakeCCompilerABI.c.obj' '-mtune=generic' '-march=x86-64' '-dumpdir' 'CMakeFiles/cmTC_29674.dir/'
 /home/user/mxe/usr/bin/x86_64-w64-mingw32.static-as -v -o CMakeFiles/cmTC_29674.dir/CMakeCCompilerABI.c.obj /tmp/ccmOGx8Y.s
GNU assembler version 2.38 (x86_64-w64-mingw32.static) using BFD version (GNU Binutils) 2.38
COMPILER_PATH=/home/user/mxe/usr/libexec/gcc/x86_64-w64-mingw32.static/11.3.0/:/home/user/mxe/usr/libexec/gcc/x86_64-w64-mingw32.static/11.3.0/:/home/user/mxe/usr/libexec/gcc/x86_64-w64-mingw32.static/:/home/user/mxe/usr/lib/gcc/x86_64-w64-mingw32.static/11.3.0/:/home/user/mxe/usr/lib/gcc/x86_64-w64-mingw32.static/:/home/user/mxe/usr/lib/gcc/x86_64-w64-mingw32.static/11.3.0/../../../../x86_64-w64-mingw32.static/bin/
LIBRARY_PATH=/home/user/mxe/usr/lib/gcc/x86_64-w64-mingw32.static/11.3.0/:/home/user/mxe/usr/lib/gcc/x86_64-w64-mingw32.static/11.3.0/../../../../x86_64-w64-mingw32.static/lib/../lib/:/home/user/mxe/usr/x86_64-w64-mingw32.static/lib/../lib/:/home/user/mxe/usr/lib/gcc/x86_64-w64-mingw32.static/11.3.0/../../../../x86_64-w64-mingw32.static/lib/:/home/user/mxe/usr/x86_64-w64-mingw32.static/lib/
COLLECT_GCC_OPTIONS='-v' '-c' '-o' 'CMakeFiles/cmTC_29674.dir/CMakeCCompilerABI.c.obj' '-mtune=generic' '-march=x86-64' '-dumpdir' 'CMakeFiles/cmTC_29674.dir/CMakeCCompilerABI.c.'
Linking C executable cmTC_c384f.exe
/home/user/mxe/usr/x86_64-pc-linux-gnu/bin/cmake -E cmake_link_script CMakeFiles/cmTC_c384f.dir/link.txt --verbose=1
/home/user/mxe/usr/x86_64-pc-linux-gnu/bin/cmake -E rm -f CMakeFiles/cmTC_c384f.dir/objects.a
/home/user/mxe/usr/bin/x86_64-w64-mingw32.static-ar qc CMakeFiles/cmTC_c384f.dir/objects.a @CMakeFiles/cmTC_c384f.dir/objects1.rsp
/home/user/mxe/usr/x86_64-pc-linux-gnu/bin/x86_64-w64-mingw32.static-gcc  -v -Wl,--whole-archive CMakeFiles/cmTC_c384f.dir/objects.a -Wl,--no-whole-archive -o cmTC_c384f.exe -Wl,--out-implib,libcmTC_c384f.dll.a -Wl,--major-image-version,0,--minor-image-version,0 
Reading specs from /home/user/mxe/usr/lib/gcc/x86_64-w64-mingw32.static/11.3.0/specs
COLLECT_GCC=/home/user/mxe/usr/bin/x86_64-w64-mingw32.static-gcc
COLLECT_LTO_WRAPPER=/home/user/mxe/usr/libexec/gcc/x86_64-w64-mingw32.static/11.3.0/lto-wrapper
Target: x86_64-w64-mingw32.static
Configured with: /home/user/mxe/tmp-gcc-x86_64-w64-mingw32.static/gcc-11.3.0/configure ac_cv_prog_HAVE_DOXYGEN=false --enable-doc=no --enable-gtk-doc=no --enable-gtk-doc-html=no --enable-gtk-doc-pdf=no --docdir=/home/user/mxe/tmp-gcc-x86_64-w64-mingw32.static/gcc-11.3.0.build_.sink --infodir=/home/user/mxe/tmp-gcc-x86_64-w64-mingw32.static/gcc-11.3.0.build_.sink --mandir=/home/user/mxe/tmp-gcc-x86_64-w64-mingw32.static/gcc-11.3.0.build_.sink --with-html-dir=/home/user/mxe/tmp-gcc-x86_64-w64-mingw32.static/gcc-11.3.0.build_.sink --disable-doxygen --target=x86_64-w64-mingw32.static --build=x86_64-pc-linux-gnu --prefix=/home/user/mxe/usr --libdir=/home/user/mxe/usr/lib --with-sysroot=/home/user/mxe/usr/x86_64-w64-mingw32.static --enable-languages=c,c++,objc,fortran --enable-version-specific-runtime-libs --with-gcc --with-gnu-ld --with-gnu-as --disable-nls --disable-shared --disable-multilib --without-x --disable-win32-registry --enable-threads=posix --enable-default-ssp --enable-libgomp --with-gmp=/home/user/mxe/usr/x86_64-pc-linux-gnu --with-isl=/home/user/mxe/usr/x86_64-pc-linux-gnu --with-mpc=/home/user/mxe/usr/x86_64-pc-linux-gnu --with-mpfr=/home/user/mxe/usr/x86_64-pc-linux-gnu --with-as=/home/user/mxe/usr/bin/x86_64-w64-mingw32.static-as --with-ld=/home/user/mxe/usr/bin/x86_64-w64-mingw32.static-ld --with-nm=/home/user/mxe/usr/bin/x86_64-w64-mingw32.static-nm --enable-libstdcxx-time
Thread model: posix
Supported LTO compression algorithms: zlib
gcc version 11.3.0 (GCC) 
COMPILER_PATH=/home/user/mxe/usr/libexec/gcc/x86_64-w64-mingw32.static/11.3.0/:/home/user/mxe/usr/libexec/gcc/x86_64-w64-mingw32.static/11.3.0/:/home/user/mxe/usr/libexec/gcc/x86_64-w64-mingw32.static/:/home/user/mxe/usr/lib/gcc/x86_64-w64-mingw32.static/11.3.0/:/home/user/mxe/usr/lib/gcc/x86_64-w64-mingw32.static/:/home/user/mxe/usr/lib/gcc/x86_64-w64-mingw32.static/11.3.0/../../../../x86_64-w64-mingw32.static/bin/
LIBRARY_PATH=/home/user/mxe/usr/lib/gcc/x86_64-w64-mingw32.static/11.3.0/:/home/user/mxe/usr/lib/gcc/x86_64-w64-mingw32.static/11.3.0/../../../../x86_64-w64-mingw32.static/lib/../lib/:/home/user/mxe/usr/x86_64-w64-mingw32.static/lib/../lib/:/home/user/mxe/usr/lib/gcc/x86_64-w64-mingw32.static/11.3.0/../../../../x86_64-w64-mingw32.static/lib/:/home/user/mxe/usr/x86_64-w64-mingw32.static/lib/
COLLECT_GCC_OPTIONS='-v' '-o' 'cmTC_c384f.exe' '-mtune=generic' '-march=x86-64' '-dumpdir' 'cmTC_c384f.'
 /home/user/mxe/usr/libexec/gcc/x86_64-w64-mingw32.static/11.3.0/collect2 -plugin /home/user/mxe/usr/libexec/gcc/x86_64-w64-mingw32.static/11.3.0/liblto_plugin.so -plugin-opt=/home/user/mxe/usr/libexec/gcc/x86_64-w64-mingw32.static/11.3.0/lto-wrapper -plugin-opt=-fresolution=/tmp/ccpBJIOE.res -plugin-opt=-pass-through=-lmingw32 -plugin-opt=-pass-through=-lgcc -plugin-opt=-pass-through=-lmoldname -plugin-opt=-pass-through=-lmingwex -plugin-opt=-pass-through=-lssp_nonshared -plugin-opt=-pass-through=-lssp -plugin-opt=-pass-through=-lmsvcrt -plugin-opt=-pass-through=-lkernel32 -plugin-opt=-pass-through=-lpthread -plugin-opt=-pass-through=-ladvapi32 -plugin-opt=-pass-through=-lshell32 -plugin-opt=-pass-through=-luser32 -plugin-opt=-pass-through=-lkernel32 -plugin-opt=-pass-through=-lmingw32 -plugin-opt=-pass-through=-lgcc -plugin-opt=-pass-through=-lmoldname -plugin-opt=-pass-through=-lmingwex -plugin-opt=-pass-through=-lssp_nonshared -plugin-opt=-pass-through=-lssp -plugin-opt=-pass-through=-lmsvcrt -plugin-opt=-pass-through=-lkernel32 --sysroot=/home/user/mxe/usr/x86_64-w64-mingw32.static -m i386pep -Bdynamic -o cmTC_c384f.exe /home/user/mxe/usr/lib/gcc/x86_64-w64-mingw32.static/11.3.0/../../../../x86_64-w64-mingw32.static/lib/../lib/crt2.o /home/user/mxe/usr/lib/gcc/x86_64-w64-mingw32.static/11.3.0/crtbegin.o -L/home/user/mxe/usr/lib/gcc/x86_64-w64-mingw32.static/11.3.0 -L/home/user/mxe/usr/lib/gcc/x86_64-w64-mingw32.static/11.3.0/../../../../x86_64-w64-mingw32.static/lib/../lib -L/home/user/mxe/usr/x86_64-w64-mingw32.static/lib/../lib -L/home/user/mxe/usr/lib/gcc/x86_64-w64-mingw32.static/11.3.0/../../../../x86_64-w64-mingw32.static/lib -L/home/user/mxe/usr/x86_64-w64-mingw32.static/lib --whole-archive CMakeFiles/cmTC_c384f.dir/objects.a --no-whole-archive --out-implib libcmTC_c384f.dll.a --major-image-version 0 --minor-image-version 0 -lmingw32 -lgcc -lmoldname -lmingwex -lssp_nonshared -lssp -lmsvcrt -lkernel32 -lpthread -ladvapi32 -lshell32 -luser32 -lkernel32 -lmingw32 -lgcc -lmoldname -lmingwex -lssp_nonshared -lssp -lmsvcrt -lkernel32 /home/user/mxe/usr/lib/gcc/x86_64-w64-mingw32.static/11.3.0/crtend.o
COLLECT_GCC_OPTIONS='-v' '-o' 'cmTC_c384f.exe' '-mtune=generic' '-march=x86-64' '-dumpdir' 'cmTC_c384f.'
make[1]: Leaving directory '/home/user/test_code/build_win10/CMakeFiles/CMakeTmp'



Parsed C implicit include dir info from above output: rv=done
  found start of include info
  found start of implicit include info
    add: [/home/user/mxe/usr/lib/gcc/x86_64-w64-mingw32.static/11.3.0/include]
    add: [/home/user/mxe/usr/lib/gcc/x86_64-w64-mingw32.static/11.3.0/include-fixed]
    add: [/home/user/mxe/usr/lib/gcc/x86_64-w64-mingw32.static/11.3.0/../../../../x86_64-w64-mingw32.static/include]
  end of search list found
  collapse include dir [/home/user/mxe/usr/lib/gcc/x86_64-w64-mingw32.static/11.3.0/include] ==> [/home/user/mxe/usr/lib/gcc/x86_64-w64-mingw32.static/11.3.0/include]
  collapse include dir [/home/user/mxe/usr/lib/gcc/x86_64-w64-mingw32.static/11.3.0/include-fixed] ==> [/home/user/mxe/usr/lib/gcc/x86_64-w64-mingw32.static/11.3.0/include-fixed]
  collapse include dir [/home/user/mxe/usr/lib/gcc/x86_64-w64-mingw32.static/11.3.0/../../../../x86_64-w64-mingw32.static/include] ==> [/home/user/mxe/usr/x86_64-w64-mingw32.static/include]
  implicit include dirs: [/home/user/mxe/usr/lib/gcc/x86_64-w64-mingw32.static/11.3.0/include;/home/user/mxe/usr/lib/gcc/x86_64-w64-mingw32.static/11.3.0/include-fixed;/home/user/mxe/usr/x86_64-w64-mingw32.static/include]


Parsed C implicit link information from above output:
  link line regex: [^( *|.*[/\])(x86_64-w64-mingw32\.static-ld|CMAKE_LINK_STARTFILE-NOTFOUND|([^/\]+-)?ld|collect2)[^/\]*( |$)]
  ignore line: [Change Dir: /home/user/test_code/build_win10/CMakeFiles/CMakeTmp]
  ignore line: []
  ignore line: [Run Build Command(s):/usr/bin/make -f Makefile cmTC_c384f/fast && /usr/bin/make  -f CMakeFiles/cmTC_c384f.dir/build.make CMakeFiles/cmTC_c384f.dir/build]
  ignore line: [make[1]: Entering directory '/home/user/test_code/build_win10/CMakeFiles/CMakeTmp']
  ignore line: [Building C object CMakeFiles/cmTC_c384f.dir/CMakeCCompilerABI.c.obj]
  ignore line: [/home/user/mxe/usr/x86_64-pc-linux-gnu/bin/x86_64-w64-mingw32.static-gcc   -v -o CMakeFiles/cmTC_c384f.dir/CMakeCCompilerABI.c.obj -c /home/user/mxe/usr/x86_64-pc-linux-gnu/share/cmake-3.23/Modules/CMakeCCompilerABI.c]
  ignore line: [Reading specs from /home/user/mxe/usr/lib/gcc/x86_64-w64-mingw32.static/11.3.0/specs]
  ignore line: [COLLECT_GCC=/home/user/mxe/usr/bin/x86_64-w64-mingw32.static-gcc]
  ignore line: [Target: x86_64-w64-mingw32.static]
  ignore line: [Configured with: /home/user/mxe/tmp-gcc-x86_64-w64-mingw32.static/gcc-11.3.0/configure ac_cv_prog_HAVE_DOXYGEN=false --enable-doc=no --enable-gtk-doc=no --enable-gtk-doc-html=no --enable-gtk-doc-pdf=no --docdir=/home/user/mxe/tmp-gcc-x86_64-w64-mingw32.static/gcc-11.3.0.build_.sink --infodir=/home/user/mxe/tmp-gcc-x86_64-w64-mingw32.static/gcc-11.3.0.build_.sink --mandir=/home/user/mxe/tmp-gcc-x86_64-w64-mingw32.static/gcc-11.3.0.build_.sink --with-html-dir=/home/user/mxe/tmp-gcc-x86_64-w64-mingw32.static/gcc-11.3.0.build_.sink --disable-doxygen --target=x86_64-w64-mingw32.static --build=x86_64-pc-linux-gnu --prefix=/home/user/mxe/usr --libdir=/home/user/mxe/usr/lib --with-sysroot=/home/user/mxe/usr/x86_64-w64-mingw32.static --enable-languages=c,c++,objc,fortran --enable-version-specific-runtime-libs --with-gcc --with-gnu-ld --with-gnu-as --disable-nls --disable-shared --disable-multilib --without-x --disable-win32-registry --enable-threads=posix --enable-default-ssp --enable-libgomp --with-gmp=/home/user/mxe/usr/x86_64-pc-linux-gnu --with-isl=/home/user/mxe/usr/x86_64-pc-linux-gnu --with-mpc=/home/user/mxe/usr/x86_64-pc-linux-gnu --with-mpfr=/home/user/mxe/usr/x86_64-pc-linux-gnu --with-as=/home/user/mxe/usr/bin/x86_64-w64-mingw32.static-as --with-ld=/home/user/mxe/usr/bin/x86_64-w64-mingw32.static-ld --with-nm=/home/user/mxe/usr/bin/x86_64-w64-mingw32.static-nm --enable-libstdcxx-time]
  ignore line: [Thread model: posix]
  ignore line: [Supported LTO compression algorithms: zlib]
  ignore line: [gcc version 11.3.0 (GCC) ]
  ignore line: [COLLECT_GCC_OPTIONS='-v' '-c' '-o' 'CMakeFiles/cmTC_29674.dir/CMakeCCompilerABI.c.obj' '-mtune=generic' '-march=x86-64' '-dumpdir' 'CMakeFiles/cmTC_29674.dir/']
  ignore line: [ /home/user/mxe/usr/libexec/gcc/x86_64-w64-mingw32.static/11.3.0/cc1 -quiet -v -D_REENTRANT ../../../../mxe/usr/x86_64-pc-linux-gnu/share/cmake-3.23/Modules/CMakeCCompilerABI.c -quiet -dumpdir CMakeFiles/cmTC_29674.dir/ -dumpbase CMakeCCompilerABI.c.c -dumpbase-ext .c -mtune=generic -march=x86-64 -version -o /tmp/ccmOGx8Y.s]
  ignore line: [GNU C17 (GCC) version 11.3.0 (x86_64-w64-mingw32.static)]
  ignore line: [	compiled by GNU C version 9.4.0  GMP version 6.2.1  MPFR version 4.1.0  MPC version 1.2.1  isl version isl-0.16.1-GMP]
  ignore line: []
  ignore line: [GGC heuristics: --param ggc-min-expand=100 --param ggc-min-heapsize=131072]
  ignore line: [ignoring nonexistent directory "/home/user/mxe/usr/x86_64-w64-mingw32.static/usr/local/include"]
  ignore line: [ignoring duplicate directory "/home/user/mxe/usr/x86_64-w64-mingw32.static/include"]
  ignore line: [#include "..." search starts here:]
  ignore line: [#include <...> search starts here:]
  ignore line: [ /home/user/mxe/usr/lib/gcc/x86_64-w64-mingw32.static/11.3.0/include]
  ignore line: [ /home/user/mxe/usr/lib/gcc/x86_64-w64-mingw32.static/11.3.0/include-fixed]
  ignore line: [ /home/user/mxe/usr/lib/gcc/x86_64-w64-mingw32.static/11.3.0/../../../../x86_64-w64-mingw32.static/include]
  ignore line: [End of search list.]
  ignore line: [GNU C17 (GCC) version 11.3.0 (x86_64-w64-mingw32.static)]
  ignore line: [	compiled by GNU C version 9.4.0  GMP version 6.2.1  MPFR version 4.1.0  MPC version 1.2.1  isl version isl-0.16.1-GMP]
  ignore line: []
  ignore line: [GGC heuristics: --param ggc-min-expand=100 --param ggc-min-heapsize=131072]
  ignore line: [Compiler executable checksum: bf3b03b7b8a48a3280756faab855312c]
  ignore line: [COLLECT_GCC_OPTIONS='-v' '-c' '-o' 'CMakeFiles/cmTC_29674.dir/CMakeCCompilerABI.c.obj' '-mtune=generic' '-march=x86-64' '-dumpdir' 'CMakeFiles/cmTC_29674.dir/']
  ignore line: [ /home/user/mxe/usr/bin/x86_64-w64-mingw32.static-as -v -o CMakeFiles/cmTC_29674.dir/CMakeCCompilerABI.c.obj /tmp/ccmOGx8Y.s]
  ignore line: [GNU assembler version 2.38 (x86_64-w64-mingw32.static) using BFD version (GNU Binutils) 2.38]
  ignore line: [COMPILER_PATH=/home/user/mxe/usr/libexec/gcc/x86_64-w64-mingw32.static/11.3.0/:/home/user/mxe/usr/libexec/gcc/x86_64-w64-mingw32.static/11.3.0/:/home/user/mxe/usr/libexec/gcc/x86_64-w64-mingw32.static/:/home/user/mxe/usr/lib/gcc/x86_64-w64-mingw32.static/11.3.0/:/home/user/mxe/usr/lib/gcc/x86_64-w64-mingw32.static/:/home/user/mxe/usr/lib/gcc/x86_64-w64-mingw32.static/11.3.0/../../../../x86_64-w64-mingw32.static/bin/]
  ignore line: [LIBRARY_PATH=/home/user/mxe/usr/lib/gcc/x86_64-w64-mingw32.static/11.3.0/:/home/user/mxe/usr/lib/gcc/x86_64-w64-mingw32.static/11.3.0/../../../../x86_64-w64-mingw32.static/lib/../lib/:/home/user/mxe/usr/x86_64-w64-mingw32.static/lib/../lib/:/home/user/mxe/usr/lib/gcc/x86_64-w64-mingw32.static/11.3.0/../../../../x86_64-w64-mingw32.static/lib/:/home/user/mxe/usr/x86_64-w64-mingw32.static/lib/]
  ignore line: [COLLECT_GCC_OPTIONS='-v' '-c' '-o' 'CMakeFiles/cmTC_29674.dir/CMakeCCompilerABI.c.obj' '-mtune=generic' '-march=x86-64' '-dumpdir' 'CMakeFiles/cmTC_29674.dir/CMakeCCompilerABI.c.']
  ignore line: [Linking C executable cmTC_c384f.exe]
  ignore line: [/home/user/mxe/usr/x86_64-pc-linux-gnu/bin/cmake -E cmake_link_script CMakeFiles/cmTC_c384f.dir/link.txt --verbose=1]
  ignore line: [/home/user/mxe/usr/x86_64-pc-linux-gnu/bin/cmake -E rm -f CMakeFiles/cmTC_c384f.dir/objects.a]
  ignore line: [/home/user/mxe/usr/bin/x86_64-w64-mingw32.static-ar qc CMakeFiles/cmTC_c384f.dir/objects.a @CMakeFiles/cmTC_c384f.dir/objects1.rsp]
  ignore line: [/home/user/mxe/usr/x86_64-pc-linux-gnu/bin/x86_64-w64-mingw32.static-gcc  -v -Wl --whole-archive CMakeFiles/cmTC_c384f.dir/objects.a -Wl --no-whole-archive -o cmTC_c384f.exe -Wl --out-implib libcmTC_c384f.dll.a -Wl --major-image-version 0 --minor-image-version 0 ]
  ignore line: [Reading specs from /home/user/mxe/usr/lib/gcc/x86_64-w64-mingw32.static/11.3.0/specs]
  ignore line: [COLLECT_GCC=/home/user/mxe/usr/bin/x86_64-w64-mingw32.static-gcc]
  ignore line: [COLLECT_LTO_WRAPPER=/home/user/mxe/usr/libexec/gcc/x86_64-w64-mingw32.static/11.3.0/lto-wrapper]
  ignore line: [Target: x86_64-w64-mingw32.static]
  ignore line: [Configured with: /home/user/mxe/tmp-gcc-x86_64-w64-mingw32.static/gcc-11.3.0/configure ac_cv_prog_HAVE_DOXYGEN=false --enable-doc=no --enable-gtk-doc=no --enable-gtk-doc-html=no --enable-gtk-doc-pdf=no --docdir=/home/user/mxe/tmp-gcc-x86_64-w64-mingw32.static/gcc-11.3.0.build_.sink --infodir=/home/user/mxe/tmp-gcc-x86_64-w64-mingw32.static/gcc-11.3.0.build_.sink --mandir=/home/user/mxe/tmp-gcc-x86_64-w64-mingw32.static/gcc-11.3.0.build_.sink --with-html-dir=/home/user/mxe/tmp-gcc-x86_64-w64-mingw32.static/gcc-11.3.0.build_.sink --disable-doxygen --target=x86_64-w64-mingw32.static --build=x86_64-pc-linux-gnu --prefix=/home/user/mxe/usr --libdir=/home/user/mxe/usr/lib --with-sysroot=/home/user/mxe/usr/x86_64-w64-mingw32.static --enable-languages=c,c++,objc,fortran --enable-version-specific-runtime-libs --with-gcc --with-gnu-ld --with-gnu-as --disable-nls --disable-shared --disable-multilib --without-x --disable-win32-registry --enable-threads=posix --enable-default-ssp --enable-libgomp --with-gmp=/home/user/mxe/usr/x86_64-pc-linux-gnu --with-isl=/home/user/mxe/usr/x86_64-pc-linux-gnu --with-mpc=/home/user/mxe/usr/x86_64-pc-linux-gnu --with-mpfr=/home/user/mxe/usr/x86_64-pc-linux-gnu --with-as=/home/user/mxe/usr/bin/x86_64-w64-mingw32.static-as --with-ld=/home/user/mxe/usr/bin/x86_64-w64-mingw32.static-ld --with-nm=/home/user/mxe/usr/bin/x86_64-w64-mingw32.static-nm --enable-libstdcxx-time]
  ignore line: [Thread model: posix]
  ignore line: [Supported LTO compression algorithms: zlib]
  ignore line: [gcc version 11.3.0 (GCC) ]
  ignore line: [COMPILER_PATH=/home/user/mxe/usr/libexec/gcc/x86_64-w64-mingw32.static/11.3.0/:/home/user/mxe/usr/libexec/gcc/x86_64-w64-mingw32.static/11.3.0/:/home/user/mxe/usr/libexec/gcc/x86_64-w64-mingw32.static/:/home/user/mxe/usr/lib/gcc/x86_64-w64-mingw32.static/11.3.0/:/home/user/mxe/usr/lib/gcc/x86_64-w64-mingw32.static/:/home/user/mxe/usr/lib/gcc/x86_64-w64-mingw32.static/11.3.0/../../../../x86_64-w64-mingw32.static/bin/]
  ignore line: [LIBRARY_PATH=/home/user/mxe/usr/lib/gcc/x86_64-w64-mingw32.static/11.3.0/:/home/user/mxe/usr/lib/gcc/x86_64-w64-mingw32.static/11.3.0/../../../../x86_64-w64-mingw32.static/lib/../lib/:/home/user/mxe/usr/x86_64-w64-mingw32.static/lib/../lib/:/home/user/mxe/usr/lib/gcc/x86_64-w64-mingw32.static/11.3.0/../../../../x86_64-w64-mingw32.static/lib/:/home/user/mxe/usr/x86_64-w64-mingw32.static/lib/]
  ignore line: [COLLECT_GCC_OPTIONS='-v' '-o' 'cmTC_c384f.exe' '-mtune=generic' '-march=x86-64' '-dumpdir' 'cmTC_c384f.']
  link line: [ /home/user/mxe/usr/libexec/gcc/x86_64-w64-mingw32.static/11.3.0/collect2 -plugin /home/user/mxe/usr/libexec/gcc/x86_64-w64-mingw32.static/11.3.0/liblto_plugin.so -plugin-opt=/home/user/mxe/usr/libexec/gcc/x86_64-w64-mingw32.static/11.3.0/lto-wrapper -plugin-opt=-fresolution=/tmp/ccpBJIOE.res -plugin-opt=-pass-through=-lmingw32 -plugin-opt=-pass-through=-lgcc -plugin-opt=-pass-through=-lmoldname -plugin-opt=-pass-through=-lmingwex -plugin-opt=-pass-through=-lssp_nonshared -plugin-opt=-pass-through=-lssp -plugin-opt=-pass-through=-lmsvcrt -plugin-opt=-pass-through=-lkernel32 -plugin-opt=-pass-through=-lpthread -plugin-opt=-pass-through=-ladvapi32 -plugin-opt=-pass-through=-lshell32 -plugin-opt=-pass-through=-luser32 -plugin-opt=-pass-through=-lkernel32 -plugin-opt=-pass-through=-lmingw32 -plugin-opt=-pass-through=-lgcc -plugin-opt=-pass-through=-lmoldname -plugin-opt=-pass-through=-lmingwex -plugin-opt=-pass-through=-lssp_nonshared -plugin-opt=-pass-through=-lssp -plugin-opt=-pass-through=-lmsvcrt -plugin-opt=-pass-through=-lkernel32 --sysroot=/home/user/mxe/usr/x86_64-w64-mingw32.static -m i386pep -Bdynamic -o cmTC_c384f.exe /home/user/mxe/usr/lib/gcc/x86_64-w64-mingw32.static/11.3.0/../../../../x86_64-w64-mingw32.static/lib/../lib/crt2.o /home/user/mxe/usr/lib/gcc/x86_64-w64-mingw32.static/11.3.0/crtbegin.o -L/home/user/mxe/usr/lib/gcc/x86_64-w64-mingw32.static/11.3.0 -L/home/user/mxe/usr/lib/gcc/x86_64-w64-mingw32.static/11.3.0/../../../../x86_64-w64-mingw32.static/lib/../lib -L/home/user/mxe/usr/x86_64-w64-mingw32.static/lib/../lib -L/home/user/mxe/usr/lib/gcc/x86_64-w64-mingw32.static/11.3.0/../../../../x86_64-w64-mingw32.static/lib -L/home/user/mxe/usr/x86_64-w64-mingw32.static/lib --whole-archive CMakeFiles/cmTC_c384f.dir/objects.a --no-whole-archive --out-implib libcmTC_c384f.dll.a --major-image-version 0 --minor-image-version 0 -lmingw32 -lgcc -lmoldname -lmingwex -lssp_nonshared -lssp -lmsvcrt -lkernel32 -lpthread -ladvapi32 -lshell32 -luser32 -lkernel32 -lmingw32 -lgcc -lmoldname -lmingwex -lssp_nonshared -lssp -lmsvcrt -lkernel32 /home/user/mxe/usr/lib/gcc/x86_64-w64-mingw32.static/11.3.0/crtend.o]
    arg [/home/user/mxe/usr/libexec/gcc/x86_64-w64-mingw32.static/11.3.0/collect2] ==> ignore
    arg [-plugin] ==> ignore
    arg [/home/user/mxe/usr/libexec/gcc/x86_64-w64-mingw32.static/11.3.0/liblto_plugin.so] ==> ignore
    arg [-plugin-opt=/home/user/mxe/usr/libexec/gcc/x86_64-w64-mingw32.static/11.3.0/lto-wrapper] ==> ignore
    arg [-plugin-opt=-fresolution=/tmp/ccpBJIOE.res] ==> ignore
    arg [-plugin-opt=-pass-through=-lmingw32] ==> ignore
    arg [-plugin-opt=-pass-through=-lgcc] ==> ignore
    arg [-plugin-opt=-pass-through=-lmoldname] ==> ignore
    arg [-plugin-opt=-pass-through=-lmingwex] ==> ignore
    arg [-plugin-opt=-pass-through=-lssp_nonshared] ==> ignore
    arg [-plugin-opt=-pass-through=-lssp] ==> ignore
    arg [-plugin-opt=-pass-through=-lmsvcrt] ==> ignore
    arg [-plugin-opt=-pass-through=-lkernel32] ==> ignore
    arg [-plugin-opt=-pass-through=-lpthread] ==> ignore
    arg [-plugin-opt=-pass-through=-ladvapi32] ==> ignore
    arg [-plugin-opt=-pass-through=-lshell32] ==> ignore
    arg [-plugin-opt=-pass-through=-luser32] ==> ignore
    arg [-plugin-opt=-pass-through=-lkernel32] ==> ignore
    arg [-plugin-opt=-pass-through=-lmingw32] ==> ignore
    arg [-plugin-opt=-pass-through=-lgcc] ==> ignore
    arg [-plugin-opt=-pass-through=-lmoldname] ==> ignore
    arg [-plugin-opt=-pass-through=-lmingwex] ==> ignore
    arg [-plugin-opt=-pass-through=-lssp_nonshared] ==> ignore
    arg [-plugin-opt=-pass-through=-lssp] ==> ignore
    arg [-plugin-opt=-pass-through=-lmsvcrt] ==> ignore
    arg [-plugin-opt=-pass-through=-lkernel32] ==> ignore
    arg [--sysroot=/home/user/mxe/usr/x86_64-w64-mingw32.static] ==> ignore
    arg [-m] ==> ignore
    arg [i386pep] ==> ignore
    arg [-Bdynamic] ==> search dynamic
    arg [-o] ==> ignore
    arg [cmTC_c384f.exe] ==> ignore
    arg [/home/user/mxe/usr/lib/gcc/x86_64-w64-mingw32.static/11.3.0/../../../../x86_64-w64-mingw32.static/lib/../lib/crt2.o] ==> obj [/home/user/mxe/usr/lib/gcc/x86_64-w64-mingw32.static/11.3.0/../../../../x86_64-w64-mingw32.static/lib/../lib/crt2.o]
    arg [/home/user/mxe/usr/lib/gcc/x86_64-w64-mingw32.static/11.3.0/crtbegin.o] ==> obj [/home/user/mxe/usr/lib/gcc/x86_64-w64-mingw32.static/11.3.0/crtbegin.o]
    arg [-L/home/user/mxe/usr/lib/gcc/x86_64-w64-mingw32.static/11.3.0] ==> dir [/home/user/mxe/usr/lib/gcc/x86_64-w64-mingw32.static/11.3.0]
    arg [-L/home/user/mxe/usr/lib/gcc/x86_64-w64-mingw32.static/11.3.0/../../../../x86_64-w64-mingw32.static/lib/../lib] ==> dir [/home/user/mxe/usr/lib/gcc/x86_64-w64-mingw32.static/11.3.0/../../../../x86_64-w64-mingw32.static/lib/../lib]
    arg [-L/home/user/mxe/usr/x86_64-w64-mingw32.static/lib/../lib] ==> dir [/home/user/mxe/usr/x86_64-w64-mingw32.static/lib/../lib]
    arg [-L/home/user/mxe/usr/lib/gcc/x86_64-w64-mingw32.static/11.3.0/../../../../x86_64-w64-mingw32.static/lib] ==> dir [/home/user/mxe/usr/lib/gcc/x86_64-w64-mingw32.static/11.3.0/../../../../x86_64-w64-mingw32.static/lib]
    arg [-L/home/user/mxe/usr/x86_64-w64-mingw32.static/lib] ==> dir [/home/user/mxe/usr/x86_64-w64-mingw32.static/lib]
    arg [--whole-archive] ==> ignore
    arg [CMakeFiles/cmTC_c384f.dir/objects.a] ==> ignore
    arg [--no-whole-archive] ==> ignore
    arg [--out-implib] ==> ignore
    arg [libcmTC_c384f.dll.a] ==> ignore
    arg [--major-image-version] ==> ignore
    arg [0] ==> ignore
    arg [--minor-image-version] ==> ignore
    arg [0] ==> ignore
    arg [-lmingw32] ==> lib [mingw32]
    arg [-lgcc] ==> lib [gcc]
    arg [-lmoldname] ==> lib [moldname]
    arg [-lmingwex] ==> lib [mingwex]
    arg [-lssp_nonshared] ==> lib [ssp_nonshared]
    arg [-lssp] ==> lib [ssp]
    arg [-lmsvcrt] ==> lib [msvcrt]
    arg [-lkernel32] ==> lib [kernel32]
    arg [-lpthread] ==> lib [pthread]
    arg [-ladvapi32] ==> lib [advapi32]
    arg [-lshell32] ==> lib [shell32]
    arg [-luser32] ==> lib [user32]
    arg [-lkernel32] ==> lib [kernel32]
    arg [-lmingw32] ==> lib [mingw32]
    arg [-lgcc] ==> lib [gcc]
    arg [-lmoldname] ==> lib [moldname]
    arg [-lmingwex] ==> lib [mingwex]
    arg [-lssp_nonshared] ==> lib [ssp_nonshared]
    arg [-lssp] ==> lib [ssp]
    arg [-lmsvcrt] ==> lib [msvcrt]
    arg [-lkernel32] ==> lib [kernel32]
    arg [/home/user/mxe/usr/lib/gcc/x86_64-w64-mingw32.static/11.3.0/crtend.o] ==> obj [/home/user/mxe/usr/lib/gcc/x86_64-w64-mingw32.static/11.3.0/crtend.o]
  remove lib [msvcrt]
  remove lib [msvcrt]
  collapse obj [/home/user/mxe/usr/lib/gcc/x86_64-w64-mingw32.static/11.3.0/../../../../x86_64-w64-mingw32.static/lib/../lib/crt2.o] ==> [/home/user/mxe/usr/x86_64-w64-mingw32.static/lib/crt2.o]
  collapse library dir [/home/user/mxe/usr/lib/gcc/x86_64-w64-mingw32.static/11.3.0] ==> [/home/user/mxe/usr/lib/gcc/x86_64-w64-mingw32.static/11.3.0]
  collapse library dir [/home/user/mxe/usr/lib/gcc/x86_64-w64-mingw32.static/11.3.0/../../../../x86_64-w64-mingw32.static/lib/../lib] ==> [/home/user/mxe/usr/x86_64-w64-mingw32.static/lib]
  collapse library dir [/home/user/mxe/usr/x86_64-w64-mingw32.static/lib/../lib] ==> [/home/user/mxe/usr/x86_64-w64-mingw32.static/lib]
  collapse library dir [/home/user/mxe/usr/lib/gcc/x86_64-w64-mingw32.static/11.3.0/../../../../x86_64-w64-mingw32.static/lib] ==> [/home/user/mxe/usr/x86_64-w64-mingw32.static/lib]
  collapse library dir [/home/user/mxe/usr/x86_64-w64-mingw32.static/lib] ==> [/home/user/mxe/usr/x86_64-w64-mingw32.static/lib]
  implicit libs: [mingw32;gcc;moldname;mingwex;ssp_nonshared;ssp;kernel32;pthread;advapi32;shell32;user32;kernel32;mingw32;gcc;moldname;mingwex;ssp_nonshared;ssp;kernel32]
  implicit objs: [/home/user/mxe/usr/x86_64-w64-mingw32.static/lib/crt2.o;/home/user/mxe/usr/lib/gcc/x86_64-w64-mingw32.static/11.3.0/crtbegin.o;/home/user/mxe/usr/lib/gcc/x86_64-w64-mingw32.static/11.3.0/crtend.o]
  implicit dirs: [/home/user/mxe/usr/lib/gcc/x86_64-w64-mingw32.static/11.3.0;/home/user/mxe/usr/x86_64-w64-mingw32.static/lib]
  implicit fwks: []


Detecting CXX compiler ABI info compiled with the following output:
Change Dir: /home/user/test_code/build_win10/CMakeFiles/CMakeTmp

Run Build Command(s):/usr/bin/make -f Makefile cmTC_f5bea/fast && /usr/bin/make  -f CMakeFiles/cmTC_f5bea.dir/build.make CMakeFiles/cmTC_f5bea.dir/build
make[1]: Entering directory '/home/user/test_code/build_win10/CMakeFiles/CMakeTmp'
Building CXX object CMakeFiles/cmTC_f5bea.dir/CMakeCXXCompilerABI.cpp.obj
/home/user/mxe/usr/x86_64-pc-linux-gnu/bin/x86_64-w64-mingw32.static-g++   -v -o CMakeFiles/cmTC_f5bea.dir/CMakeCXXCompilerABI.cpp.obj -c /home/user/mxe/usr/x86_64-pc-linux-gnu/share/cmake-3.23/Modules/CMakeCXXCompilerABI.cpp
Reading specs from /home/user/mxe/usr/lib/gcc/x86_64-w64-mingw32.static/11.3.0/specs
COLLECT_GCC=/home/user/mxe/usr/bin/x86_64-w64-mingw32.static-g++
Target: x86_64-w64-mingw32.static
Configured with: /home/user/mxe/tmp-gcc-x86_64-w64-mingw32.static/gcc-11.3.0/configure ac_cv_prog_HAVE_DOXYGEN=false --enable-doc=no --enable-gtk-doc=no --enable-gtk-doc-html=no --enable-gtk-doc-pdf=no --docdir=/home/user/mxe/tmp-gcc-x86_64-w64-mingw32.static/gcc-11.3.0.build_.sink --infodir=/home/user/mxe/tmp-gcc-x86_64-w64-mingw32.static/gcc-11.3.0.build_.sink --mandir=/home/user/mxe/tmp-gcc-x86_64-w64-mingw32.static/gcc-11.3.0.build_.sink --with-html-dir=/home/user/mxe/tmp-gcc-x86_64-w64-mingw32.static/gcc-11.3.0.build_.sink --disable-doxygen --target=x86_64-w64-mingw32.static --build=x86_64-pc-linux-gnu --prefix=/home/user/mxe/usr --libdir=/home/user/mxe/usr/lib --with-sysroot=/home/user/mxe/usr/x86_64-w64-mingw32.static --enable-languages=c,c++,objc,fortran --enable-version-specific-runtime-libs --with-gcc --with-gnu-ld --with-gnu-as --disable-nls --disable-shared --disable-multilib --without-x --disable-win32-registry --enable-threads=posix --enable-default-ssp --enable-libgomp --with-gmp=/home/user/mxe/usr/x86_64-pc-linux-gnu --with-isl=/home/user/mxe/usr/x86_64-pc-linux-gnu --with-mpc=/home/user/mxe/usr/x86_64-pc-linux-gnu --with-mpfr=/home/user/mxe/usr/x86_64-pc-linux-gnu --with-as=/home/user/mxe/usr/bin/x86_64-w64-mingw32.static-as --with-ld=/home/user/mxe/usr/bin/x86_64-w64-mingw32.static-ld --with-nm=/home/user/mxe/usr/bin/x86_64-w64-mingw32.static-nm --enable-libstdcxx-time
Thread model: posix
Supported LTO compression algorithms: zlib
gcc version 11.3.0 (GCC) 
COLLECT_GCC_OPTIONS='-v' '-c' '-o' 'CMakeFiles/cmTC_c3a06.dir/CMakeCXXCompilerABI.cpp.obj' '-mtune=generic' '-march=x86-64' '-dumpdir' 'CMakeFiles/cmTC_c3a06.dir/'
 /home/user/mxe/usr/libexec/gcc/x86_64-w64-mingw32.static/11.3.0/cc1plus -quiet -v -D_REENTRANT ../../../../mxe/usr/x86_64-pc-linux-gnu/share/cmake-3.23/Modules/CMakeCXXCompilerABI.cpp -quiet -dumpdir CMakeFiles/cmTC_c3a06.dir/ -dumpbase CMakeCXXCompilerABI.cpp.cpp -dumpbase-ext .cpp -mtune=generic -march=x86-64 -version -o /tmp/ccGHtdXH.s
GNU C++17 (GCC) version 11.3.0 (x86_64-w64-mingw32.static)
	compiled by GNU C version 9.4.0, GMP version 6.2.1, MPFR version 4.1.0, MPC version 1.2.1, isl version isl-0.16.1-GMP

GGC heuristics: --param ggc-min-expand=100 --param ggc-min-heapsize=131072
ignoring nonexistent directory "/home/user/mxe/usr/x86_64-w64-mingw32.static/usr/local/include"
ignoring duplicate directory "/home/user/mxe/usr/x86_64-w64-mingw32.static/include"
#include "..." search starts here:
#include <...> search starts here:
 /home/user/mxe/usr/lib/gcc/x86_64-w64-mingw32.static/11.3.0/include/c++
 /home/user/mxe/usr/lib/gcc/x86_64-w64-mingw32.static/11.3.0/include/c++/x86_64-w64-mingw32.static
 /home/user/mxe/usr/lib/gcc/x86_64-w64-mingw32.static/11.3.0/include/c++/backward
 /home/user/mxe/usr/lib/gcc/x86_64-w64-mingw32.static/11.3.0/include
 /home/user/mxe/usr/lib/gcc/x86_64-w64-mingw32.static/11.3.0/include-fixed
 /home/user/mxe/usr/lib/gcc/x86_64-w64-mingw32.static/11.3.0/../../../../x86_64-w64-mingw32.static/include
End of search list.
GNU C++17 (GCC) version 11.3.0 (x86_64-w64-mingw32.static)
	compiled by GNU C version 9.4.0, GMP version 6.2.1, MPFR version 4.1.0, MPC version 1.2.1, isl version isl-0.16.1-GMP

GGC heuristics: --param ggc-min-expand=100 --param ggc-min-heapsize=131072
Compiler executable checksum: 5319d389c53ada2d40193f1531b814b8
COLLECT_GCC_OPTIONS='-v' '-c' '-o' 'CMakeFiles/cmTC_c3a06.dir/CMakeCXXCompilerABI.cpp.obj' '-mtune=generic' '-march=x86-64' '-dumpdir' 'CMakeFiles/cmTC_c3a06.dir/'
 /home/user/mxe/usr/bin/x86_64-w64-mingw32.static-as -v -o CMakeFiles/cmTC_c3a06.dir/CMakeCXXCompilerABI.cpp.obj /tmp/ccGHtdXH.s
GNU assembler version 2.38 (x86_64-w64-mingw32.static) using BFD version (GNU Binutils) 2.38
COMPILER_PATH=/home/user/mxe/usr/libexec/gcc/x86_64-w64-mingw32.static/11.3.0/:/home/user/mxe/usr/libexec/gcc/x86_64-w64-mingw32.static/11.3.0/:/home/user/mxe/usr/libexec/gcc/x86_64-w64-mingw32.static/:/home/user/mxe/usr/lib/gcc/x86_64-w64-mingw32.static/11.3.0/:/home/user/mxe/usr/lib/gcc/x86_64-w64-mingw32.static/:/home/user/mxe/usr/lib/gcc/x86_64-w64-mingw32.static/11.3.0/../../../../x86_64-w64-mingw32.static/bin/
LIBRARY_PATH=/home/user/mxe/usr/lib/gcc/x86_64-w64-mingw32.static/11.3.0/:/home/user/mxe/usr/lib/gcc/x86_64-w64-mingw32.static/11.3.0/../../../../x86_64-w64-mingw32.static/lib/../lib/:/home/user/mxe/usr/x86_64-w64-mingw32.static/lib/../lib/:/home/user/mxe/usr/lib/gcc/x86_64-w64-mingw32.static/11.3.0/../../../../x86_64-w64-mingw32.static/lib/:/home/user/mxe/usr/x86_64-w64-mingw32.static/lib/
COLLECT_GCC_OPTIONS='-v' '-c' '-o' 'CMakeFiles/cmTC_c3a06.dir/CMakeCXXCompilerABI.cpp.obj' '-mtune=generic' '-march=x86-64' '-dumpdir' 'CMakeFiles/cmTC_c3a06.dir/CMakeCXXCompilerABI.cpp.'
Linking CXX executable cmTC_f5bea.exe
/home/user/mxe/usr/x86_64-pc-linux-gnu/bin/cmake -E cmake_link_script CMakeFiles/cmTC_f5bea.dir/link.txt --verbose=1
/home/user/mxe/usr/x86_64-pc-linux-gnu/bin/cmake -E rm -f CMakeFiles/cmTC_f5bea.dir/objects.a
/home/user/mxe/usr/bin/x86_64-w64-mingw32.static-ar qc CMakeFiles/cmTC_f5bea.dir/objects.a @CMakeFiles/cmTC_f5bea.dir/objects1.rsp
/home/user/mxe/usr/x86_64-pc-linux-gnu/bin/x86_64-w64-mingw32.static-g++  -v -Wl,--whole-archive CMakeFiles/cmTC_f5bea.dir/objects.a -Wl,--no-whole-archive -o cmTC_f5bea.exe -Wl,--out-implib,libcmTC_f5bea.dll.a -Wl,--major-image-version,0,--minor-image-version,0 
Reading specs from /home/user/mxe/usr/lib/gcc/x86_64-w64-mingw32.static/11.3.0/specs
COLLECT_GCC=/home/user/mxe/usr/bin/x86_64-w64-mingw32.static-g++
COLLECT_LTO_WRAPPER=/home/user/mxe/usr/libexec/gcc/x86_64-w64-mingw32.static/11.3.0/lto-wrapper
Target: x86_64-w64-mingw32.static
Configured with: /home/user/mxe/tmp-gcc-x86_64-w64-mingw32.static/gcc-11.3.0/configure ac_cv_prog_HAVE_DOXYGEN=false --enable-doc=no --enable-gtk-doc=no --enable-gtk-doc-html=no --enable-gtk-doc-pdf=no --docdir=/home/user/mxe/tmp-gcc-x86_64-w64-mingw32.static/gcc-11.3.0.build_.sink --infodir=/home/user/mxe/tmp-gcc-x86_64-w64-mingw32.static/gcc-11.3.0.build_.sink --mandir=/home/user/mxe/tmp-gcc-x86_64-w64-mingw32.static/gcc-11.3.0.build_.sink --with-html-dir=/home/user/mxe/tmp-gcc-x86_64-w64-mingw32.static/gcc-11.3.0.build_.sink --disable-doxygen --target=x86_64-w64-mingw32.static --build=x86_64-pc-linux-gnu --prefix=/home/user/mxe/usr --libdir=/home/user/mxe/usr/lib --with-sysroot=/home/user/mxe/usr/x86_64-w64-mingw32.static --enable-languages=c,c++,objc,fortran --enable-version-specific-runtime-libs --with-gcc --with-gnu-ld --with-gnu-as --disable-nls --disable-shared --disable-multilib --without-x --disable-win32-registry --enable-threads=posix --enable-default-ssp --enable-libgomp --with-gmp=/home/user/mxe/usr/x86_64-pc-linux-gnu --with-isl=/home/user/mxe/usr/x86_64-pc-linux-gnu --with-mpc=/home/user/mxe/usr/x86_64-pc-linux-gnu --with-mpfr=/home/user/mxe/usr/x86_64-pc-linux-gnu --with-as=/home/user/mxe/usr/bin/x86_64-w64-mingw32.static-as --with-ld=/home/user/mxe/usr/bin/x86_64-w64-mingw32.static-ld --with-nm=/home/user/mxe/usr/bin/x86_64-w64-mingw32.static-nm --enable-libstdcxx-time
Thread model: posix
Supported LTO compression algorithms: zlib
gcc version 11.3.0 (GCC) 
COMPILER_PATH=/home/user/mxe/usr/libexec/gcc/x86_64-w64-mingw32.static/11.3.0/:/home/user/mxe/usr/libexec/gcc/x86_64-w64-mingw32.static/11.3.0/:/home/user/mxe/usr/libexec/gcc/x86_64-w64-mingw32.static/:/home/user/mxe/usr/lib/gcc/x86_64-w64-mingw32.static/11.3.0/:/home/user/mxe/usr/lib/gcc/x86_64-w64-mingw32.static/:/home/user/mxe/usr/lib/gcc/x86_64-w64-mingw32.static/11.3.0/../../../../x86_64-w64-mingw32.static/bin/
LIBRARY_PATH=/home/user/mxe/usr/lib/gcc/x86_64-w64-mingw32.static/11.3.0/:/home/user/mxe/usr/lib/gcc/x86_64-w64-mingw32.static/11.3.0/../../../../x86_64-w64-mingw32.static/lib/../lib/:/home/user/mxe/usr/x86_64-w64-mingw32.static/lib/../lib/:/home/user/mxe/usr/lib/gcc/x86_64-w64-mingw32.static/11.3.0/../../../../x86_64-w64-mingw32.static/lib/:/home/user/mxe/usr/x86_64-w64-mingw32.static/lib/
COLLECT_GCC_OPTIONS='-v' '-o' 'cmTC_f5bea.exe' '-mtune=generic' '-march=x86-64' '-dumpdir' 'cmTC_f5bea.'
 /home/user/mxe/usr/libexec/gcc/x86_64-w64-mingw32.static/11.3.0/collect2 -plugin /home/user/mxe/usr/libexec/gcc/x86_64-w64-mingw32.static/11.3.0/liblto_plugin.so -plugin-opt=/home/user/mxe/usr/libexec/gcc/x86_64-w64-mingw32.static/11.3.0/lto-wrapper -plugin-opt=-fresolution=/tmp/ccoLhUIY.res -plugin-opt=-pass-through=-lmingw32 -plugin-opt=-pass-through=-lgcc -plugin-opt=-pass-through=-lmoldname -plugin-opt=-pass-through=-lmingwex -plugin-opt=-pass-through=-lssp_nonshared -plugin-opt=-pass-through=-lssp -plugin-opt=-pass-through=-lmsvcrt -plugin-opt=-pass-through=-lkernel32 -plugin-opt=-pass-through=-lpthread -plugin-opt=-pass-through=-ladvapi32 -plugin-opt=-pass-through=-lshell32 -plugin-opt=-pass-through=-luser32 -plugin-opt=-pass-through=-lkernel32 -plugin-opt=-pass-through=-lmingw32 -plugin-opt=-pass-through=-lgcc -plugin-opt=-pass-through=-lmoldname -plugin-opt=-pass-through=-lmingwex -plugin-opt=-pass-through=-lssp_nonshared -plugin-opt=-pass-through=-lssp -plugin-opt=-pass-through=-lmsvcrt -plugin-opt=-pass-through=-lkernel32 --sysroot=/home/user/mxe/usr/x86_64-w64-mingw32.static -m i386pep -Bdynamic -o cmTC_f5bea.exe /home/user/mxe/usr/lib/gcc/x86_64-w64-mingw32.static/11.3.0/../../../../x86_64-w64-mingw32.static/lib/../lib/crt2.o /home/user/mxe/usr/lib/gcc/x86_64-w64-mingw32.static/11.3.0/crtbegin.o -L/home/user/mxe/usr/lib/gcc/x86_64-w64-mingw32.static/11.3.0 -L/home/user/mxe/usr/lib/gcc/x86_64-w64-mingw32.static/11.3.0/../../../../x86_64-w64-mingw32.static/lib/../lib -L/home/user/mxe/usr/x86_64-w64-mingw32.static/lib/../lib -L/home/user/mxe/usr/lib/gcc/x86_64-w64-mingw32.static/11.3.0/../../../../x86_64-w64-mingw32.static/lib -L/home/user/mxe/usr/x86_64-w64-mingw32.static/lib --whole-archive CMakeFiles/cmTC_f5bea.dir/objects.a --no-whole-archive --out-implib libcmTC_f5bea.dll.a --major-image-version 0 --minor-image-version 0 -lstdc++ -lmingw32 -lgcc -lmoldname -lmingwex -lssp_nonshared -lssp -lmsvcrt -lkernel32 -lpthread -ladvapi32 -lshell32 -luser32 -lkernel32 -lmingw32 -lgcc -lmoldname -lmingwex -lssp_nonshared -lssp -lmsvcrt -lkernel32 /home/user/mxe/usr/lib/gcc/x86_64-w64-mingw32.static/11.3.0/crtend.o
COLLECT_GCC_OPTIONS='-v' '-o' 'cmTC_f5bea.exe' '-mtune=generic' '-march=x86-64' '-dumpdir' 'cmTC_f5bea.'
make[1]: Leaving directory '/home/user/test_code/build_win10/CMakeFiles/CMakeTmp'



Parsed CXX implicit include dir info from above output: rv=done
  found start of include info
  found start of implicit include info
    add: [/home/user/mxe/usr/lib/gcc/x86_64-w64-mingw32.static/11.3.0/include/c++]
    add: [/home/user/mxe/usr/lib/gcc/x86_64-w64-mingw32.static/11.3.0/include/c++/x86_64-w64-mingw32.static]
    add: [/home/user/mxe/usr/lib/gcc/x86_64-w64-mingw32.static/11.3.0/include/c++/backward]
    add: [/home/user/mxe/usr/lib/gcc/x86_64-w64-mingw32.static/11.3.0/include]
    add: [/home/user/mxe/usr/lib/gcc/x86_64-w64-mingw32.static/11.3.0/include-fixed]
    add: [/home/user/mxe/usr/lib/gcc/x86_64-w64-mingw32.static/11.3.0/../../../../x86_64-w64-mingw32.static/include]
  end of search list found
  collapse include dir [/home/user/mxe/usr/lib/gcc/x86_64-w64-mingw32.static/11.3.0/include/c++] ==> [/home/user/mxe/usr/lib/gcc/x86_64-w64-mingw32.static/11.3.0/include/c++]
  collapse include dir [/home/user/mxe/usr/lib/gcc/x86_64-w64-mingw32.static/11.3.0/include/c++/x86_64-w64-mingw32.static] ==> [/home/user/mxe/usr/lib/gcc/x86_64-w64-mingw32.static/11.3.0/include/c++/x86_64-w64-mingw32.static]
  collapse include dir [/home/user/mxe/usr/lib/gcc/x86_64-w64-mingw32.static/11.3.0/include/c++/backward] ==> [/home/user/mxe/usr/lib/gcc/x86_64-w64-mingw32.static/11.3.0/include/c++/backward]
  collapse include dir [/home/user/mxe/usr/lib/gcc/x86_64-w64-mingw32.static/11.3.0/include] ==> [/home/user/mxe/usr/lib/gcc/x86_64-w64-mingw32.static/11.3.0/include]
  collapse include dir [/home/user/mxe/usr/lib/gcc/x86_64-w64-mingw32.static/11.3.0/include-fixed] ==> [/home/user/mxe/usr/lib/gcc/x86_64-w64-mingw32.static/11.3.0/include-fixed]
  collapse include dir [/home/user/mxe/usr/lib/gcc/x86_64-w64-mingw32.static/11.3.0/../../../../x86_64-w64-mingw32.static/include] ==> [/home/user/mxe/usr/x86_64-w64-mingw32.static/include]
  implicit include dirs: [/home/user/mxe/usr/lib/gcc/x86_64-w64-mingw32.static/11.3.0/include/c++;/home/user/mxe/usr/lib/gcc/x86_64-w64-mingw32.static/11.3.0/include/c++/x86_64-w64-mingw32.static;/home/user/mxe/usr/lib/gcc/x86_64-w64-mingw32.static/11.3.0/include/c++/backward;/home/user/mxe/usr/lib/gcc/x86_64-w64-mingw32.static/11.3.0/include;/home/user/mxe/usr/lib/gcc/x86_64-w64-mingw32.static/11.3.0/include-fixed;/home/user/mxe/usr/x86_64-w64-mingw32.static/include]


Parsed CXX implicit link information from above output:
  link line regex: [^( *|.*[/\])(x86_64-w64-mingw32\.static-ld|CMAKE_LINK_STARTFILE-NOTFOUND|([^/\]+-)?ld|collect2)[^/\]*( |$)]
  ignore line: [Change Dir: /home/user/test_code/build_win10/CMakeFiles/CMakeTmp]
  ignore line: []
  ignore line: [Run Build Command(s):/usr/bin/make -f Makefile cmTC_f5bea/fast && /usr/bin/make  -f CMakeFiles/cmTC_f5bea.dir/build.make CMakeFiles/cmTC_f5bea.dir/build]
  ignore line: [make[1]: Entering directory '/home/user/test_code/build_win10/CMakeFiles/CMakeTmp']
  ignore line: [Building CXX object CMakeFiles/cmTC_f5bea.dir/CMakeCXXCompilerABI.cpp.obj]
  ignore line: [/home/user/mxe/usr/x86_64-pc-linux-gnu/bin/x86_64-w64-mingw32.static-g++   -v -o CMakeFiles/cmTC_f5bea.dir/CMakeCXXCompilerABI.cpp.obj -c /home/user/mxe/usr/x86_64-pc-linux-gnu/share/cmake-3.23/Modules/CMakeCXXCompilerABI.cpp]
  ignore line: [Reading specs from /home/user/mxe/usr/lib/gcc/x86_64-w64-mingw32.static/11.3.0/specs]
  ignore line: [COLLECT_GCC=/home/user/mxe/usr/bin/x86_64-w64-mingw32.static-g++]
  ignore line: [Target: x86_64-w64-mingw32.static]
  ignore line: [Configured with: /home/user/mxe/tmp-gcc-x86_64-w64-mingw32.static/gcc-11.3.0/configure ac_cv_prog_HAVE_DOXYGEN=false --enable-doc=no --enable-gtk-doc=no --enable-gtk-doc-html=no --enable-gtk-doc-pdf=no --docdir=/home/user/mxe/tmp-gcc-x86_64-w64-mingw32.static/gcc-11.3.0.build_.sink --infodir=/home/user/mxe/tmp-gcc-x86_64-w64-mingw32.static/gcc-11.3.0.build_.sink --mandir=/home/user/mxe/tmp-gcc-x86_64-w64-mingw32.static/gcc-11.3.0.build_.sink --with-html-dir=/home/user/mxe/tmp-gcc-x86_64-w64-mingw32.static/gcc-11.3.0.build_.sink --disable-doxygen --target=x86_64-w64-mingw32.static --build=x86_64-pc-linux-gnu --prefix=/home/user/mxe/usr --libdir=/home/user/mxe/usr/lib --with-sysroot=/home/user/mxe/usr/x86_64-w64-mingw32.static --enable-languages=c,c++,objc,fortran --enable-version-specific-runtime-libs --with-gcc --with-gnu-ld --with-gnu-as --disable-nls --disable-shared --disable-multilib --without-x --disable-win32-registry --enable-threads=posix --enable-default-ssp --enable-libgomp --with-gmp=/home/user/mxe/usr/x86_64-pc-linux-gnu --with-isl=/home/user/mxe/usr/x86_64-pc-linux-gnu --with-mpc=/home/user/mxe/usr/x86_64-pc-linux-gnu --with-mpfr=/home/user/mxe/usr/x86_64-pc-linux-gnu --with-as=/home/user/mxe/usr/bin/x86_64-w64-mingw32.static-as --with-ld=/home/user/mxe/usr/bin/x86_64-w64-mingw32.static-ld --with-nm=/home/user/mxe/usr/bin/x86_64-w64-mingw32.static-nm --enable-libstdcxx-time]
  ignore line: [Thread model: posix]
  ignore line: [Supported LTO compression algorithms: zlib]
  ignore line: [gcc version 11.3.0 (GCC) ]
  ignore line: [COLLECT_GCC_OPTIONS='-v' '-c' '-o' 'CMakeFiles/cmTC_c3a06.dir/CMakeCXXCompilerABI.cpp.obj' '-mtune=generic' '-march=x86-64' '-dumpdir' 'CMakeFiles/cmTC_c3a06.dir/']
  ignore line: [ /home/user/mxe/usr/libexec/gcc/x86_64-w64-mingw32.static/11.3.0/cc1plus -quiet -v -D_REENTRANT ../../../../mxe/usr/x86_64-pc-linux-gnu/share/cmake-3.23/Modules/CMakeCXXCompilerABI.cpp -quiet -dumpdir CMakeFiles/cmTC_c3a06.dir/ -dumpbase CMakeCXXCompilerABI.cpp.cpp -dumpbase-ext .cpp -mtune=generic -march=x86-64 -version -o /tmp/ccGHtdXH.s]
  ignore line: [GNU C++17 (GCC) version 11.3.0 (x86_64-w64-mingw32.static)]
  ignore line: [	compiled by GNU C version 9.4.0  GMP version 6.2.1  MPFR version 4.1.0  MPC version 1.2.1  isl version isl-0.16.1-GMP]
  ignore line: []
  ignore line: [GGC heuristics: --param ggc-min-expand=100 --param ggc-min-heapsize=131072]
  ignore line: [ignoring nonexistent directory "/home/user/mxe/usr/x86_64-w64-mingw32.static/usr/local/include"]
  ignore line: [ignoring duplicate directory "/home/user/mxe/usr/x86_64-w64-mingw32.static/include"]
  ignore line: [#include "..." search starts here:]
  ignore line: [#include <...> search starts here:]
  ignore line: [ /home/user/mxe/usr/lib/gcc/x86_64-w64-mingw32.static/11.3.0/include/c++]
  ignore line: [ /home/user/mxe/usr/lib/gcc/x86_64-w64-mingw32.static/11.3.0/include/c++/x86_64-w64-mingw32.static]
  ignore line: [ /home/user/mxe/usr/lib/gcc/x86_64-w64-mingw32.static/11.3.0/include/c++/backward]
  ignore line: [ /home/user/mxe/usr/lib/gcc/x86_64-w64-mingw32.static/11.3.0/include]
  ignore line: [ /home/user/mxe/usr/lib/gcc/x86_64-w64-mingw32.static/11.3.0/include-fixed]
  ignore line: [ /home/user/mxe/usr/lib/gcc/x86_64-w64-mingw32.static/11.3.0/../../../../x86_64-w64-mingw32.static/include]
  ignore line: [End of search list.]
  ignore line: [GNU C++17 (GCC) version 11.3.0 (x86_64-w64-mingw32.static)]
  ignore line: [	compiled by GNU C version 9.4.0  GMP version 6.2.1  MPFR version 4.1.0  MPC version 1.2.1  isl version isl-0.16.1-GMP]
  ignore line: []
  ignore line: [GGC heuristics: --param ggc-min-expand=100 --param ggc-min-heapsize=131072]
  ignore line: [Compiler executable checksum: 5319d389c53ada2d40193f1531b814b8]
  ignore line: [COLLECT_GCC_OPTIONS='-v' '-c' '-o' 'CMakeFiles/cmTC_c3a06.dir/CMakeCXXCompilerABI.cpp.obj' '-mtune=generic' '-march=x86-64' '-dumpdir' 'CMakeFiles/cmTC_c3a06.dir/']
  ignore line: [ /home/user/mxe/usr/bin/x86_64-w64-mingw32.static-as -v -o CMakeFiles/cmTC_c3a06.dir/CMakeCXXCompilerABI.cpp.obj /tmp/ccGHtdXH.s]
  ignore line: [GNU assembler version 2.38 (x86_64-w64-mingw32.static) using BFD version (GNU Binutils) 2.38]
  ignore line: [COMPILER_PATH=/home/user/mxe/usr/libexec/gcc/x86_64-w64-mingw32.static/11.3.0/:/home/user/mxe/usr/libexec/gcc/x86_64-w64-mingw32.static/11.3.0/:/home/user/mxe/usr/libexec/gcc/x86_64-w64-mingw32.static/:/home/user/mxe/usr/lib/gcc/x86_64-w64-mingw32.static/11.3.0/:/home/user/mxe/usr/lib/gcc/x86_64-w64-mingw32.static/:/home/user/mxe/usr/lib/gcc/x86_64-w64-mingw32.static/11.3.0/../../../../x86_64-w64-mingw32.static/bin/]
  ignore line: [LIBRARY_PATH=/home/user/mxe/usr/lib/gcc/x86_64-w64-mingw32.static/11.3.0/:/home/user/mxe/usr/lib/gcc/x86_64-w64-mingw32.static/11.3.0/../../../../x86_64-w64-mingw32.static/lib/../lib/:/home/user/mxe/usr/x86_64-w64-mingw32.static/lib/../lib/:/home/user/mxe/usr/lib/gcc/x86_64-w64-mingw32.static/11.3.0/../../../../x86_64-w64-mingw32.static/lib/:/home/user/mxe/usr/x86_64-w64-mingw32.static/lib/]
  ignore line: [COLLECT_GCC_OPTIONS='-v' '-c' '-o' 'CMakeFiles/cmTC_c3a06.dir/CMakeCXXCompilerABI.cpp.obj' '-mtune=generic' '-march=x86-64' '-dumpdir' 'CMakeFiles/cmTC_c3a06.dir/CMakeCXXCompilerABI.cpp.']
  ignore line: [Linking CXX executable cmTC_f5bea.exe]
  ignore line: [/home/user/mxe/usr/x86_64-pc-linux-gnu/bin/cmake -E cmake_link_script CMakeFiles/cmTC_f5bea.dir/link.txt --verbose=1]
  ignore line: [/home/user/mxe/usr/x86_64-pc-linux-gnu/bin/cmake -E rm -f CMakeFiles/cmTC_f5bea.dir/objects.a]
  ignore line: [/home/user/mxe/usr/bin/x86_64-w64-mingw32.static-ar qc CMakeFiles/cmTC_f5bea.dir/objects.a @CMakeFiles/cmTC_f5bea.dir/objects1.rsp]
  ignore line: [/home/user/mxe/usr/x86_64-pc-linux-gnu/bin/x86_64-w64-mingw32.static-g++  -v -Wl --whole-archive CMakeFiles/cmTC_f5bea.dir/objects.a -Wl --no-whole-archive -o cmTC_f5bea.exe -Wl --out-implib libcmTC_f5bea.dll.a -Wl --major-image-version 0 --minor-image-version 0 ]
  ignore line: [Reading specs from /home/user/mxe/usr/lib/gcc/x86_64-w64-mingw32.static/11.3.0/specs]
  ignore line: [COLLECT_GCC=/home/user/mxe/usr/bin/x86_64-w64-mingw32.static-g++]
  ignore line: [COLLECT_LTO_WRAPPER=/home/user/mxe/usr/libexec/gcc/x86_64-w64-mingw32.static/11.3.0/lto-wrapper]
  ignore line: [Target: x86_64-w64-mingw32.static]
  ignore line: [Configured with: /home/user/mxe/tmp-gcc-x86_64-w64-mingw32.static/gcc-11.3.0/configure ac_cv_prog_HAVE_DOXYGEN=false --enable-doc=no --enable-gtk-doc=no --enable-gtk-doc-html=no --enable-gtk-doc-pdf=no --docdir=/home/user/mxe/tmp-gcc-x86_64-w64-mingw32.static/gcc-11.3.0.build_.sink --infodir=/home/user/mxe/tmp-gcc-x86_64-w64-mingw32.static/gcc-11.3.0.build_.sink --mandir=/home/user/mxe/tmp-gcc-x86_64-w64-mingw32.static/gcc-11.3.0.build_.sink --with-html-dir=/home/user/mxe/tmp-gcc-x86_64-w64-mingw32.static/gcc-11.3.0.build_.sink --disable-doxygen --target=x86_64-w64-mingw32.static --build=x86_64-pc-linux-gnu --prefix=/home/user/mxe/usr --libdir=/home/user/mxe/usr/lib --with-sysroot=/home/user/mxe/usr/x86_64-w64-mingw32.static --enable-languages=c,c++,objc,fortran --enable-version-specific-runtime-libs --with-gcc --with-gnu-ld --with-gnu-as --disable-nls --disable-shared --disable-multilib --without-x --disable-win32-registry --enable-threads=posix --enable-default-ssp --enable-libgomp --with-gmp=/home/user/mxe/usr/x86_64-pc-linux-gnu --with-isl=/home/user/mxe/usr/x86_64-pc-linux-gnu --with-mpc=/home/user/mxe/usr/x86_64-pc-linux-gnu --with-mpfr=/home/user/mxe/usr/x86_64-pc-linux-gnu --with-as=/home/user/mxe/usr/bin/x86_64-w64-mingw32.static-as --with-ld=/home/user/mxe/usr/bin/x86_64-w64-mingw32.static-ld --with-nm=/home/user/mxe/usr/bin/x86_64-w64-mingw32.static-nm --enable-libstdcxx-time]
  ignore line: [Thread model: posix]
  ignore line: [Supported LTO compression algorithms: zlib]
  ignore line: [gcc version 11.3.0 (GCC) ]
  ignore line: [COMPILER_PATH=/home/user/mxe/usr/libexec/gcc/x86_64-w64-mingw32.static/11.3.0/:/home/user/mxe/usr/libexec/gcc/x86_64-w64-mingw32.static/11.3.0/:/home/user/mxe/usr/libexec/gcc/x86_64-w64-mingw32.static/:/home/user/mxe/usr/lib/gcc/x86_64-w64-mingw32.static/11.3.0/:/home/user/mxe/usr/lib/gcc/x86_64-w64-mingw32.static/:/home/user/mxe/usr/lib/gcc/x86_64-w64-mingw32.static/11.3.0/../../../../x86_64-w64-mingw32.static/bin/]
  ignore line: [LIBRARY_PATH=/home/user/mxe/usr/lib/gcc/x86_64-w64-mingw32.static/11.3.0/:/home/user/mxe/usr/lib/gcc/x86_64-w64-mingw32.static/11.3.0/../../../../x86_64-w64-mingw32.static/lib/../lib/:/home/user/mxe/usr/x86_64-w64-mingw32.static/lib/../lib/:/home/user/mxe/usr/lib/gcc/x86_64-w64-mingw32.static/11.3.0/../../../../x86_64-w64-mingw32.static/lib/:/home/user/mxe/usr/x86_64-w64-mingw32.static/lib/]
  ignore line: [COLLECT_GCC_OPTIONS='-v' '-o' 'cmTC_f5bea.exe' '-mtune=generic' '-march=x86-64' '-dumpdir' 'cmTC_f5bea.']
  link line: [ /home/user/mxe/usr/libexec/gcc/x86_64-w64-mingw32.static/11.3.0/collect2 -plugin /home/user/mxe/usr/libexec/gcc/x86_64-w64-mingw32.static/11.3.0/liblto_plugin.so -plugin-opt=/home/user/mxe/usr/libexec/gcc/x86_64-w64-mingw32.static/11.3.0/lto-wrapper -plugin-opt=-fresolution=/tmp/ccoLhUIY.res -plugin-opt=-pass-through=-lmingw32 -plugin-opt=-pass-through=-lgcc -plugin-opt=-pass-through=-lmoldname -plugin-opt=-pass-through=-lmingwex -plugin-opt=-pass-through=-lssp_nonshared -plugin-opt=-pass-through=-lssp -plugin-opt=-pass-through=-lmsvcrt -plugin-opt=-pass-through=-lkernel32 -plugin-opt=-pass-through=-lpthread -plugin-opt=-pass-through=-ladvapi32 -plugin-opt=-pass-through=-lshell32 -plugin-opt=-pass-through=-luser32 -plugin-opt=-pass-through=-lkernel32 -plugin-opt=-pass-through=-lmingw32 -plugin-opt=-pass-through=-lgcc -plugin-opt=-pass-through=-lmoldname -plugin-opt=-pass-through=-lmingwex -plugin-opt=-pass-through=-lssp_nonshared -plugin-opt=-pass-through=-lssp -plugin-opt=-pass-through=-lmsvcrt -plugin-opt=-pass-through=-lkernel32 --sysroot=/home/user/mxe/usr/x86_64-w64-mingw32.static -m i386pep -Bdynamic -o cmTC_f5bea.exe /home/user/mxe/usr/lib/gcc/x86_64-w64-mingw32.static/11.3.0/../../../../x86_64-w64-mingw32.static/lib/../lib/crt2.o /home/user/mxe/usr/lib/gcc/x86_64-w64-mingw32.static/11.3.0/crtbegin.o -L/home/user/mxe/usr/lib/gcc/x86_64-w64-mingw32.static/11.3.0 -L/home/user/mxe/usr/lib/gcc/x86_64-w64-mingw32.static/11.3.0/../../../../x86_64-w64-mingw32.static/lib/../lib -L/home/user/mxe/usr/x86_64-w64-mingw32.static/lib/../lib -L/home/user/mxe/usr/lib/gcc/x86_64-w64-mingw32.static/11.3.0/../../../../x86_64-w64-mingw32.static/lib -L/home/user/mxe/usr/x86_64-w64-mingw32.static/lib --whole-archive CMakeFiles/cmTC_f5bea.dir/objects.a --no-whole-archive --out-implib libcmTC_f5bea.dll.a --major-image-version 0 --minor-image-version 0 -lstdc++ -lmingw32 -lgcc -lmoldname -lmingwex -lssp_nonshared -lssp -lmsvcrt -lkernel32 -lpthread -ladvapi32 -lshell32 -luser32 -lkernel32 -lmingw32 -lgcc -lmoldname -lmingwex -lssp_nonshared -lssp -lmsvcrt -lkernel32 /home/user/mxe/usr/lib/gcc/x86_64-w64-mingw32.static/11.3.0/crtend.o]
    arg [/home/user/mxe/usr/libexec/gcc/x86_64-w64-mingw32.static/11.3.0/collect2] ==> ignore
    arg [-plugin] ==> ignore
    arg [/home/user/mxe/usr/libexec/gcc/x86_64-w64-mingw32.static/11.3.0/liblto_plugin.so] ==> ignore
    arg [-plugin-opt=/home/user/mxe/usr/libexec/gcc/x86_64-w64-mingw32.static/11.3.0/lto-wrapper] ==> ignore
    arg [-plugin-opt=-fresolution=/tmp/ccoLhUIY.res] ==> ignore
    arg [-plugin-opt=-pass-through=-lmingw32] ==> ignore
    arg [-plugin-opt=-pass-through=-lgcc] ==> ignore
    arg [-plugin-opt=-pass-through=-lmoldname] ==> ignore
    arg [-plugin-opt=-pass-through=-lmingwex] ==> ignore
    arg [-plugin-opt=-pass-through=-lssp_nonshared] ==> ignore
    arg [-plugin-opt=-pass-through=-lssp] ==> ignore
    arg [-plugin-opt=-pass-through=-lmsvcrt] ==> ignore
    arg [-plugin-opt=-pass-through=-lkernel32] ==> ignore
    arg [-plugin-opt=-pass-through=-lpthread] ==> ignore
    arg [-plugin-opt=-pass-through=-ladvapi32] ==> ignore
    arg [-plugin-opt=-pass-through=-lshell32] ==> ignore
    arg [-plugin-opt=-pass-through=-luser32] ==> ignore
    arg [-plugin-opt=-pass-through=-lkernel32] ==> ignore
    arg [-plugin-opt=-pass-through=-lmingw32] ==> ignore
    arg [-plugin-opt=-pass-through=-lgcc] ==> ignore
    arg [-plugin-opt=-pass-through=-lmoldname] ==> ignore
    arg [-plugin-opt=-pass-through=-lmingwex] ==> ignore
    arg [-plugin-opt=-pass-through=-lssp_nonshared] ==> ignore
    arg [-plugin-opt=-pass-through=-lssp] ==> ignore
    arg [-plugin-opt=-pass-through=-lmsvcrt] ==> ignore
    arg [-plugin-opt=-pass-through=-lkernel32] ==> ignore
    arg [--sysroot=/home/user/mxe/usr/x86_64-w64-mingw32.static] ==> ignore
    arg [-m] ==> ignore
    arg [i386pep] ==> ignore
    arg [-Bdynamic] ==> search dynamic
    arg [-o] ==> ignore
    arg [cmTC_f5bea.exe] ==> ignore
    arg [/home/user/mxe/usr/lib/gcc/x86_64-w64-mingw32.static/11.3.0/../../../../x86_64-w64-mingw32.static/lib/../lib/crt2.o] ==> obj [/home/user/mxe/usr/lib/gcc/x86_64-w64-mingw32.static/11.3.0/../../../../x86_64-w64-mingw32.static/lib/../lib/crt2.o]
    arg [/home/user/mxe/usr/lib/gcc/x86_64-w64-mingw32.static/11.3.0/crtbegin.o] ==> obj [/home/user/mxe/usr/lib/gcc/x86_64-w64-mingw32.static/11.3.0/crtbegin.o]
    arg [-L/home/user/mxe/usr/lib/gcc/x86_64-w64-mingw32.static/11.3.0] ==> dir [/home/user/mxe/usr/lib/gcc/x86_64-w64-mingw32.static/11.3.0]
    arg [-L/home/user/mxe/usr/lib/gcc/x86_64-w64-mingw32.static/11.3.0/../../../../x86_64-w64-mingw32.static/lib/../lib] ==> dir [/home/user/mxe/usr/lib/gcc/x86_64-w64-mingw32.static/11.3.0/../../../../x86_64-w64-mingw32.static/lib/../lib]
    arg [-L/home/user/mxe/usr/x86_64-w64-mingw32.static/lib/../lib] ==> dir [/home/user/mxe/usr/x86_64-w64-mingw32.static/lib/../lib]
    arg [-L/home/user/mxe/usr/lib/gcc/x86_64-w64-mingw32.static/11.3.0/../../../../x86_64-w64-mingw32.static/lib] ==> dir [/home/user/mxe/usr/lib/gcc/x86_64-w64-mingw32.static/11.3.0/../../../../x86_64-w64-mingw32.static/lib]
    arg [-L/home/user/mxe/usr/x86_64-w64-mingw32.static/lib] ==> dir [/home/user/mxe/usr/x86_64-w64-mingw32.static/lib]
    arg [--whole-archive] ==> ignore
    arg [CMakeFiles/cmTC_f5bea.dir/objects.a] ==> ignore
    arg [--no-whole-archive] ==> ignore
    arg [--out-implib] ==> ignore
    arg [libcmTC_f5bea.dll.a] ==> ignore
    arg [--major-image-version] ==> ignore
    arg [0] ==> ignore
    arg [--minor-image-version] ==> ignore
    arg [0] ==> ignore
    arg [-lstdc++] ==> lib [stdc++]
    arg [-lmingw32] ==> lib [mingw32]
    arg [-lgcc] ==> lib [gcc]
    arg [-lmoldname] ==> lib [moldname]
    arg [-lmingwex] ==> lib [mingwex]
    arg [-lssp_nonshared] ==> lib [ssp_nonshared]
    arg [-lssp] ==> lib [ssp]
    arg [-lmsvcrt] ==> lib [msvcrt]
    arg [-lkernel32] ==> lib [kernel32]
    arg [-lpthread] ==> lib [pthread]
    arg [-ladvapi32] ==> lib [advapi32]
    arg [-lshell32] ==> lib [shell32]
    arg [-luser32] ==> lib [user32]
    arg [-lkernel32] ==> lib [kernel32]
    arg [-lmingw32] ==> lib [mingw32]
    arg [-lgcc] ==> lib [gcc]
    arg [-lmoldname] ==> lib [moldname]
    arg [-lmingwex] ==> lib [mingwex]
    arg [-lssp_nonshared] ==> lib [ssp_nonshared]
    arg [-lssp] ==> lib [ssp]
    arg [-lmsvcrt] ==> lib [msvcrt]
    arg [-lkernel32] ==> lib [kernel32]
    arg [/home/user/mxe/usr/lib/gcc/x86_64-w64-mingw32.static/11.3.0/crtend.o] ==> obj [/home/user/mxe/usr/lib/gcc/x86_64-w64-mingw32.static/11.3.0/crtend.o]
  remove lib [msvcrt]
  remove lib [msvcrt]
  collapse obj [/home/user/mxe/usr/lib/gcc/x86_64-w64-mingw32.static/11.3.0/../../../../x86_64-w64-mingw32.static/lib/../lib/crt2.o] ==> [/home/user/mxe/usr/x86_64-w64-mingw32.static/lib/crt2.o]
  collapse library dir [/home/user/mxe/usr/lib/gcc/x86_64-w64-mingw32.static/11.3.0] ==> [/home/user/mxe/usr/lib/gcc/x86_64-w64-mingw32.static/11.3.0]
  collapse library dir [/home/user/mxe/usr/lib/gcc/x86_64-w64-mingw32.static/11.3.0/../../../../x86_64-w64-mingw32.static/lib/../lib] ==> [/home/user/mxe/usr/x86_64-w64-mingw32.static/lib]
  collapse library dir [/home/user/mxe/usr/x86_64-w64-mingw32.static/lib/../lib] ==> [/home/user/mxe/usr/x86_64-w64-mingw32.static/lib]
  collapse library dir [/home/user/mxe/usr/lib/gcc/x86_64-w64-mingw32.static/11.3.0/../../../../x86_64-w64-mingw32.static/lib] ==> [/home/user/mxe/usr/x86_64-w64-mingw32.static/lib]
  collapse library dir [/home/user/mxe/usr/x86_64-w64-mingw32.static/lib] ==> [/home/user/mxe/usr/x86_64-w64-mingw32.static/lib]
  implicit libs: [stdc++;mingw32;gcc;moldname;mingwex;ssp_nonshared;ssp;kernel32;pthread;advapi32;shell32;user32;kernel32;mingw32;gcc;moldname;mingwex;ssp_nonshared;ssp;kernel32]
  implicit objs: [/home/user/mxe/usr/x86_64-w64-mingw32.static/lib/crt2.o;/home/user/mxe/usr/lib/gcc/x86_64-w64-mingw32.static/11.3.0/crtbegin.o;/home/user/mxe/usr/lib/gcc/x86_64-w64-mingw32.static/11.3.0/crtend.o]
  implicit dirs: [/home/user/mxe/usr/lib/gcc/x86_64-w64-mingw32.static/11.3.0;/home/user/mxe/usr/x86_64-w64-mingw32.static/lib]
  implicit fwks: []


Determining if the include file pthread.h exists passed with the following output:
Change Dir: /home/user/test_code/build_win10/CMakeFiles/CMakeTmp

Run Build Command(s):/usr/bin/make -f Makefile cmTC_2db1b/fast && /usr/bin/make  -f CMakeFiles/cmTC_2db1b.dir/build.make CMakeFiles/cmTC_2db1b.dir/build
make[1]: Entering directory '/home/user/test_code/build_win10/CMakeFiles/CMakeTmp'
Building C object CMakeFiles/cmTC_2db1b.dir/CheckIncludeFile.c.obj
/home/user/mxe/usr/x86_64-pc-linux-gnu/bin/x86_64-w64-mingw32.static-gcc    -o CMakeFiles/cmTC_2db1b.dir/CheckIncludeFile.c.obj -c /home/user/test_code/build_win10/CMakeFiles/CMakeTmp/CheckIncludeFile.c
Linking C executable cmTC_2db1b.exe
/home/user/mxe/usr/x86_64-pc-linux-gnu/bin/cmake -E cmake_link_script CMakeFiles/cmTC_2db1b.dir/link.txt --verbose=1
/home/user/mxe/usr/x86_64-pc-linux-gnu/bin/cmake -E rm -f CMakeFiles/cmTC_2db1b.dir/objects.a
/home/user/mxe/usr/bin/x86_64-w64-mingw32.static-ar qc CMakeFiles/cmTC_2db1b.dir/objects.a @CMakeFiles/cmTC_2db1b.dir/objects1.rsp
/home/user/mxe/usr/x86_64-pc-linux-gnu/bin/x86_64-w64-mingw32.static-gcc -Wl,--whole-archive CMakeFiles/cmTC_2db1b.dir/objects.a -Wl,--no-whole-archive -o cmTC_2db1b.exe -Wl,--out-implib,libcmTC_2db1b.dll.a -Wl,--major-image-version,0,--minor-image-version,0 @CMakeFiles/cmTC_2db1b.dir/linklibs.rsp
make[1]: Leaving directory '/home/user/test_code/build_win10/CMakeFiles/CMakeTmp'



Performing C SOURCE FILE Test CMAKE_HAVE_LIBC_PTHREAD succeeded with the following output:
Change Dir: /home/user/test_code/build_win10/CMakeFiles/CMakeTmp

Run Build Command(s):/usr/bin/make -f Makefile cmTC_000c0/fast && /usr/bin/make  -f CMakeFiles/cmTC_000c0.dir/build.make CMakeFiles/cmTC_000c0.dir/build
make[1]: Entering directory '/home/user/test_code/build_win10/CMakeFiles/CMakeTmp'
Building C object CMakeFiles/cmTC_000c0.dir/src.c.obj
/home/user/mxe/usr/x86_64-pc-linux-gnu/bin/x86_64-w64-mingw32.static-gcc -DCMAKE_HAVE_LIBC_PTHREAD   -o CMakeFiles/cmTC_000c0.dir/src.c.obj -c /home/user/test_code/build_win10/CMakeFiles/CMakeTmp/src.c
Linking C executable cmTC_000c0.exe
/home/user/mxe/usr/x86_64-pc-linux-gnu/bin/cmake -E cmake_link_script CMakeFiles/cmTC_000c0.dir/link.txt --verbose=1
/home/user/mxe/usr/x86_64-pc-linux-gnu/bin/cmake -E rm -f CMakeFiles/cmTC_000c0.dir/objects.a
/home/user/mxe/usr/bin/x86_64-w64-mingw32.static-ar qc CMakeFiles/cmTC_000c0.dir/objects.a @CMakeFiles/cmTC_000c0.dir/objects1.rsp
/home/user/mxe/usr/x86_64-pc-linux-gnu/bin/x86_64-w64-mingw32.static-gcc -Wl,--whole-archive CMakeFiles/cmTC_000c0.dir/objects.a -Wl,--no-whole-archive -o cmTC_000c0.exe -Wl,--out-implib,libcmTC_000c0.dll.a -Wl,--major-image-version,0,--minor-image-version,0 @CMakeFiles/cmTC_000c0.dir/linklibs.rsp
make[1]: Leaving directory '/home/user/test_code/build_win10/CMakeFiles/CMakeTmp'


Source file was:
#include <pthread.h>

static void* test_func(void* data)
{
  return data;
}

int main(void)
{
  pthread_t thread;
  pthread_create(&thread, NULL, test_func, NULL);
  pthread_detach(thread);
  pthread_cancel(thread);
  pthread_join(thread, NULL);
  pthread_atfork(NULL, NULL, NULL);
  pthread_exit(NULL);

  return 0;
}

